17:26:01.558 [restartedMain] INFO  com.ykq.counter.CounterApplication - Starting CounterApplication using Java 1.8.0_271 on 192.168.10.104 with PID 85512 (/Users/ykq/Desktop/code/exchange/counter/target/classes started by ykq in /Users/ykq/Desktop/code/exchange/counter)
17:26:01.568 [restartedMain] INFO  com.ykq.counter.CounterApplication - No active profile set, falling back to default profiles: default
17:26:02.856 [restartedMain] INFO  org.apache.coyote.http11.Http11NioProtocol - Initializing ProtocolHandler ["http-nio-8090"]
17:26:02.858 [restartedMain] INFO  org.apache.catalina.core.StandardService - Starting service [Tomcat]
17:26:02.858 [restartedMain] INFO  org.apache.catalina.core.StandardEngine - Starting Servlet engine: [Apache Tomcat/9.0.41]
17:26:02.923 [restartedMain] INFO  org.apache.catalina.core.ContainerBase.[Tomcat].[localhost].[/] - Initializing Spring embedded WebApplicationContext
17:26:02.976 [restartedMain] INFO  org.apache.catalina.core.StandardService - Stopping service [Tomcat]
17:27:15.948 [restartedMain] INFO  com.ykq.counter.CounterApplication - Starting CounterApplication using Java 1.8.0_271 on 192.168.10.104 with PID 85560 (/Users/ykq/Desktop/code/exchange/counter/target/classes started by ykq in /Users/ykq/Desktop/code/exchange/counter)
17:27:15.957 [restartedMain] INFO  com.ykq.counter.CounterApplication - No active profile set, falling back to default profiles: default
17:27:17.018 [restartedMain] INFO  org.apache.coyote.http11.Http11NioProtocol - Initializing ProtocolHandler ["http-nio-8090"]
17:27:17.019 [restartedMain] INFO  org.apache.catalina.core.StandardService - Starting service [Tomcat]
17:27:17.019 [restartedMain] INFO  org.apache.catalina.core.StandardEngine - Starting Servlet engine: [Apache Tomcat/9.0.41]
17:27:17.081 [restartedMain] INFO  org.apache.catalina.core.ContainerBase.[Tomcat].[localhost].[/] - Initializing Spring embedded WebApplicationContext
17:27:17.962 [restartedMain] INFO  org.apache.coyote.http11.Http11NioProtocol - Starting ProtocolHandler ["http-nio-8090"]
17:27:17.995 [restartedMain] INFO  com.ykq.counter.CounterApplication - Started CounterApplication in 2.495 seconds (JVM running for 3.133)
17:27:31.474 [http-nio-8090-exec-1] INFO  org.apache.catalina.core.ContainerBase.[Tomcat].[localhost].[/] - Initializing Spring DispatcherServlet 'dispatcherServlet'
17:27:38.457 [http-nio-8090-exec-1] ERROR org.apache.catalina.core.ContainerBase.[Tomcat].[localhost].[/].[dispatcherServlet] - Servlet.service() for servlet [dispatcherServlet] in context with path [] threw exception [Request processing failed; nested exception is org.springframework.data.redis.RedisConnectionFailureException: Unable to connect to Redis; nested exception is io.lettuce.core.RedisConnectionException: Unable to connect to localhost:6379] with root cause
java.net.ConnectException: Connection refused
	at sun.nio.ch.SocketChannelImpl.checkConnect(Native Method) ~[?:1.8.0_271]
	at sun.nio.ch.SocketChannelImpl.finishConnect(SocketChannelImpl.java:715) ~[?:1.8.0_271]
	at io.netty.channel.socket.nio.NioSocketChannel.doFinishConnect(NioSocketChannel.java:330) ~[netty-transport-4.1.55.Final.jar:4.1.55.Final]
	at io.netty.channel.nio.AbstractNioChannel$AbstractNioUnsafe.finishConnect(AbstractNioChannel.java:334) ~[netty-transport-4.1.55.Final.jar:4.1.55.Final]
	at io.netty.channel.nio.NioEventLoop.processSelectedKey(NioEventLoop.java:707) ~[netty-transport-4.1.55.Final.jar:4.1.55.Final]
	at io.netty.channel.nio.NioEventLoop.processSelectedKeysOptimized(NioEventLoop.java:655) ~[netty-transport-4.1.55.Final.jar:4.1.55.Final]
	at io.netty.channel.nio.NioEventLoop.processSelectedKeys(NioEventLoop.java:581) ~[netty-transport-4.1.55.Final.jar:4.1.55.Final]
	at io.netty.channel.nio.NioEventLoop.run(NioEventLoop.java:493) ~[netty-transport-4.1.55.Final.jar:4.1.55.Final]
	at io.netty.util.concurrent.SingleThreadEventExecutor$4.run(SingleThreadEventExecutor.java:989) ~[netty-common-4.1.55.Final.jar:4.1.55.Final]
	at io.netty.util.internal.ThreadExecutorMap$2.run(ThreadExecutorMap.java:74) ~[netty-common-4.1.55.Final.jar:4.1.55.Final]
	at io.netty.util.concurrent.FastThreadLocalRunnable.run(FastThreadLocalRunnable.java:30) ~[netty-common-4.1.55.Final.jar:4.1.55.Final]
	at java.lang.Thread.run(Thread.java:748) [?:1.8.0_271]
17:37:37.552 [restartedMain] INFO  com.ykq.counter.CounterApplication - Starting CounterApplication using Java 1.8.0_271 on 192.168.10.104 with PID 85743 (/Users/ykq/Desktop/code/exchange/counter/target/classes started by ykq in /Users/ykq/Desktop/code/exchange/counter)
17:37:37.559 [restartedMain] INFO  com.ykq.counter.CounterApplication - No active profile set, falling back to default profiles: default
17:37:38.558 [restartedMain] INFO  org.apache.coyote.http11.Http11NioProtocol - Initializing ProtocolHandler ["http-nio-8090"]
17:37:38.559 [restartedMain] INFO  org.apache.catalina.core.StandardService - Starting service [Tomcat]
17:37:38.559 [restartedMain] INFO  org.apache.catalina.core.StandardEngine - Starting Servlet engine: [Apache Tomcat/9.0.41]
17:37:38.617 [restartedMain] INFO  org.apache.catalina.core.ContainerBase.[Tomcat].[localhost].[/] - Initializing Spring embedded WebApplicationContext
17:37:39.405 [restartedMain] INFO  org.apache.coyote.http11.Http11NioProtocol - Starting ProtocolHandler ["http-nio-8090"]
17:37:39.440 [restartedMain] INFO  com.ykq.counter.CounterApplication - Started CounterApplication in 2.265 seconds (JVM running for 2.899)
17:37:46.187 [http-nio-8090-exec-1] INFO  org.apache.catalina.core.ContainerBase.[Tomcat].[localhost].[/] - Initializing Spring DispatcherServlet 'dispatcherServlet'
